<?xml version="1.0" encoding="UTF-8"?>
<!-- Generated by org.testng.reporters.JUnitXMLReporter -->
<testsuite ignored="0" hostname="Bevara_Family" failures="0" tests="4" name="Default test" time="33.244" errors="0" timestamp="2023-12-02T21:25:27 EST">
  <testcase classname="com.Automationpractice.testcases.RegistrationForm" name="registerform" time="8.794"/>
  <testcase classname="com.Automationpractice.testcases.RegistrationForm" name="registerform" time="7.477"/>
  <testcase classname="com.Automationpractice.testcases.RegistrationForm" name="registerform" time="7.141"/>
  <testcase classname="com.Automationpractice.testcases.RegistrationForm" name="registerform" time="6.778"/>
</testsuite> <!-- Default test -->
