<?xml version="1.0" encoding="UTF-8"?>
<!-- Generated by org.testng.reporters.JUnitXMLReporter -->
<testsuite ignored="0" hostname="Bevara_Family" failures="0" tests="3" name="Test" time="2.517" errors="0" timestamp="2023-12-25T17:42:49 EST">
  <testcase classname="com.Automationpractice.testcases.AmazonTest" name="@BeforeClass amazonsetup" time="2.217">
    <failure type="java.lang.NullPointerException" message="Cannot invoke &amp;quot;org.openqa.selenium.WebDriver.get(String)&amp;quot; because &amp;quot;this.driver&amp;quot; is null">
      <![CDATA[java.lang.NullPointerException: Cannot invoke "org.openqa.selenium.WebDriver.get(String)" because "this.driver" is null
at com.Automationpractice.testcases.AmazonTest.amazonsetup(AmazonTest.java:54)
at java.base/java.util.ArrayList.forEach(ArrayList.java:1511)
... Removed 23 stack frames]]>
    </failure>
  </testcase> <!-- @BeforeClass amazonsetup -->
  <testcase classname="com.Automationpractice.testcases.AmazonTest" name="@AfterMethod postcompletion" time="0.0">
    <skipped/>
  </testcase> <!-- @AfterMethod postcompletion -->
  <testcase classname="com.Automationpractice.testcases.AmazonTest" name="amsazonlogin" time="0.0">
    <skipped/>
  </testcase> <!-- amsazonlogin -->
  <testcase classname="com.Automationpractice.testcases.AmazonTest" name="AmazonprimeTest" time="0.0">
    <skipped/>
  </testcase> <!-- AmazonprimeTest -->
  <testcase classname="com.Automationpractice.testcases.AmazonTest" name="amazonsearchTest" time="0.0">
    <skipped/>
  </testcase> <!-- amazonsearchTest -->
</testsuite> <!-- Test -->
