<?xml version="1.0" encoding="UTF-8"?>
<!-- Generated by org.testng.reporters.JUnitXMLReporter -->
<testsuite ignored="0" hostname="Bevara_Family" failures="0" tests="4" name="Test" time="48.33" errors="0" timestamp="2023-12-29T20:04:42 EST">
  <testcase classname="com.Automationpractice.testcases.RegistrationForm" name="registerform" time="11.745"/>
  <testcase classname="com.Automationpractice.testcases.RegistrationForm" name="registerform" time="8.667"/>
  <testcase classname="com.Automationpractice.testcases.RegistrationForm" name="registerform" time="7.688"/>
  <testcase classname="com.Automationpractice.testcases.RegistrationForm" name="registerform" time="7.583"/>
</testsuite> <!-- Test -->
