<?xml version="1.0" encoding="UTF-8"?>
<!-- Generated by org.testng.reporters.JUnitXMLReporter -->
<testsuite ignored="0" hostname="Bevara_Family" failures="0" tests="3" name="Test" time="38.611" errors="0" timestamp="2023-11-19T13:58:39 EST">
  <testcase classname="SamplePackage.getwindowhandles" name="getwindowhandle" time="12.377"/>
  <testcase classname="SamplePackage.Dropdownautonotations" name="Dropdownautonotation" time="14.642"/>
  <testcase classname="SamplePackage.dropdownprogram" name="dropdownprograms" time="11.525"/>
</testsuite> <!-- Test -->
