<?xml version="1.0" encoding="UTF-8"?>
<testng-results ignored="0" total="3" passed="3" failed="0" skipped="0">
  <reporter-output>
  </reporter-output>
  <suite started-at="2023-11-19T13:58:00 EST" name="Suite" finished-at="2023-11-19T13:58:39 EST" duration-ms="38611">
    <groups>
    </groups>
    <test started-at="2023-11-19T13:58:00 EST" name="Test" finished-at="2023-11-19T13:58:39 EST" duration-ms="38611">
      <class name="SamplePackage.dropdownprogram">
        <test-method signature="dropdownprograms()[pri:0, instance:SamplePackage.dropdownprogram@3c77d488]" started-at="2023-11-19T13:58:27 EST" name="dropdownprograms" finished-at="2023-11-19T13:58:39 EST" duration-ms="11525" status="PASS">
          <reporter-output>
          </reporter-output>
        </test-method> <!-- dropdownprograms -->
      </class> <!-- SamplePackage.dropdownprogram -->
      <class name="SamplePackage.getwindowhandles">
        <test-method signature="getwindowhandle()[pri:0, instance:SamplePackage.getwindowhandles@38cee291]" started-at="2023-11-19T13:58:00 EST" name="getwindowhandle" finished-at="2023-11-19T13:58:12 EST" duration-ms="12377" status="PASS">
          <reporter-output>
          </reporter-output>
        </test-method> <!-- getwindowhandle -->
      </class> <!-- SamplePackage.getwindowhandles -->
      <class name="SamplePackage.Dropdownautonotations">
        <test-method signature="Dropdownautonotation()[pri:0, instance:SamplePackage.Dropdownautonotations@738dc9b]" started-at="2023-11-19T13:58:12 EST" name="Dropdownautonotation" finished-at="2023-11-19T13:58:27 EST" duration-ms="14642" status="PASS">
          <reporter-output>
          </reporter-output>
        </test-method> <!-- Dropdownautonotation -->
      </class> <!-- SamplePackage.Dropdownautonotations -->
    </test> <!-- Test -->
  </suite> <!-- Suite -->
</testng-results>
